<?xml version="1.0" encoding="UTF-8"?>
<testsuite xmlns:xsi="http://www.w3.org/2001/XMLSchema-instance" xsi:noNamespaceSchemaLocation="https://maven.apache.org/surefire/maven-surefire-plugin/xsd/surefire-test-report-3.0.xsd" version="3.0" name="dataimport.CsvImportTest" time="0.006" tests="0" errors="0" skipped="0" failures="0">
  <properties>
    <property name="netbeans.deploy" value="true"/>
    <property name="java.specification.version" value="23"/>
    <property name="sun.jnu.encoding" value="UTF-8"/>
    <property name="java.class.path" value="/Users/levi/NetBeansProjects/immoweg24/target/test-classes:/Users/levi/NetBeansProjects/immoweg24/target/classes:/Users/levi/.m2/repository/jakarta/platform/jakarta.jakartaee-web-api/10.0.0/jakarta.jakartaee-web-api-10.0.0.jar:/Users/levi/.m2/repository/jakarta/servlet/jakarta.servlet-api/6.0.0/jakarta.servlet-api-6.0.0.jar:/Users/levi/.m2/repository/jakarta/servlet/jsp/jakarta.servlet.jsp-api/3.1.0/jakarta.servlet.jsp-api-3.1.0.jar:/Users/levi/.m2/repository/jakarta/el/jakarta.el-api/5.0.1/jakarta.el-api-5.0.1.jar:/Users/levi/.m2/repository/jakarta/faces/jakarta.faces-api/4.0.1/jakarta.faces-api-4.0.1.jar:/Users/levi/.m2/repository/jakarta/ws/rs/jakarta.ws.rs-api/3.1.0/jakarta.ws.rs-api-3.1.0.jar:/Users/levi/.m2/repository/jakarta/websocket/jakarta.websocket-api/2.1.0/jakarta.websocket-api-2.1.0.jar:/Users/levi/.m2/repository/jakarta/websocket/jakarta.websocket-client-api/2.1.0/jakarta.websocket-client-api-2.1.0.jar:/Users/levi/.m2/repository/jakarta/json/jakarta.json-api/2.1.0/jakarta.json-api-2.1.0.jar:/Users/levi/.m2/repository/jakarta/json/bind/jakarta.json.bind-api/3.0.0/jakarta.json.bind-api-3.0.0.jar:/Users/levi/.m2/repository/jakarta/annotation/jakarta.annotation-api/2.1.1/jakarta.annotation-api-2.1.1.jar:/Users/levi/.m2/repository/jakarta/ejb/jakarta.ejb-api/4.0.1/jakarta.ejb-api-4.0.1.jar:/Users/levi/.m2/repository/jakarta/transaction/jakarta.transaction-api/2.0.1/jakarta.transaction-api-2.0.1.jar:/Users/levi/.m2/repository/jakarta/persistence/jakarta.persistence-api/3.1.0/jakarta.persistence-api-3.1.0.jar:/Users/levi/.m2/repository/jakarta/validation/jakarta.validation-api/3.0.2/jakarta.validation-api-3.0.2.jar:/Users/levi/.m2/repository/jakarta/interceptor/jakarta.interceptor-api/2.1.0/jakarta.interceptor-api-2.1.0.jar:/Users/levi/.m2/repository/jakarta/enterprise/jakarta.enterprise.cdi-api/4.0.1/jakarta.enterprise.cdi-api-4.0.1.jar:/Users/levi/.m2/repository/jakarta/enterprise/jakarta.enterprise.lang-model/4.0.1/jakarta.enterprise.lang-model-4.0.1.jar:/Users/levi/.m2/repository/jakarta/inject/jakarta.inject-api/2.0.1/jakarta.inject-api-2.0.1.jar:/Users/levi/.m2/repository/jakarta/authentication/jakarta.authentication-api/3.0.0/jakarta.authentication-api-3.0.0.jar:/Users/levi/.m2/repository/jakarta/security/enterprise/jakarta.security.enterprise-api/3.0.0/jakarta.security.enterprise-api-3.0.0.jar:/Users/levi/.m2/repository/jakarta/platform/jakarta.jakartaee-api/8.0.0/jakarta.jakartaee-api-8.0.0.jar:/Users/levi/.m2/repository/org/glassfish/jakarta.faces/4.0.1/jakarta.faces-4.0.1.jar:/Users/levi/.m2/repository/org/jboss/weld/servlet/weld-servlet-shaded/5.1.0.Final/weld-servlet-shaded-5.1.0.Final.jar:/Users/levi/.m2/repository/org/primefaces/primefaces/12.0.0/primefaces-12.0.0-jakarta.jar:/Users/levi/.m2/repository/com/mysql/mysql-connector-j/8.0.33/mysql-connector-j-8.0.33.jar:/Users/levi/.m2/repository/com/google/protobuf/protobuf-java/3.21.9/protobuf-java-3.21.9.jar:/Users/levi/.m2/repository/org/hibernate/orm/hibernate-core/6.3.1.Final/hibernate-core-6.3.1.Final.jar:/Users/levi/.m2/repository/org/jboss/logging/jboss-logging/3.5.0.Final/jboss-logging-3.5.0.Final.jar:/Users/levi/.m2/repository/org/hibernate/common/hibernate-commons-annotations/6.0.6.Final/hibernate-commons-annotations-6.0.6.Final.jar:/Users/levi/.m2/repository/io/smallrye/jandex/3.1.2/jandex-3.1.2.jar:/Users/levi/.m2/repository/com/fasterxml/classmate/1.5.1/classmate-1.5.1.jar:/Users/levi/.m2/repository/net/bytebuddy/byte-buddy/1.14.7/byte-buddy-1.14.7.jar:/Users/levi/.m2/repository/jakarta/xml/bind/jakarta.xml.bind-api/4.0.0/jakarta.xml.bind-api-4.0.0.jar:/Users/levi/.m2/repository/jakarta/activation/jakarta.activation-api/2.1.0/jakarta.activation-api-2.1.0.jar:/Users/levi/.m2/repository/org/glassfish/jaxb/jaxb-runtime/4.0.2/jaxb-runtime-4.0.2.jar:/Users/levi/.m2/repository/org/glassfish/jaxb/jaxb-core/4.0.2/jaxb-core-4.0.2.jar:/Users/levi/.m2/repository/org/eclipse/angus/angus-activation/2.0.0/angus-activation-2.0.0.jar:/Users/levi/.m2/repository/org/glassfish/jaxb/txw2/4.0.2/txw2-4.0.2.jar:/Users/levi/.m2/repository/com/sun/istack/istack-commons-runtime/4.1.1/istack-commons-runtime-4.1.1.jar:/Users/levi/.m2/repository/org/antlr/antlr4-runtime/4.10.1/antlr4-runtime-4.10.1.jar:/Users/levi/.m2/repository/jakarta/servlet/jsp/jstl/jakarta.servlet.jsp.jstl-api/2.0.0/jakarta.servlet.jsp.jstl-api-2.0.0.jar:/Users/levi/.m2/repository/net/sf/jasperreports/jasperreports/6.20.6/jasperreports-6.20.6.jar:/Users/levi/.m2/repository/commons-beanutils/commons-beanutils/1.9.4/commons-beanutils-1.9.4.jar:/Users/levi/.m2/repository/commons-collections/commons-collections/3.2.2/commons-collections-3.2.2.jar:/Users/levi/.m2/repository/commons-digester/commons-digester/2.1/commons-digester-2.1.jar:/Users/levi/.m2/repository/commons-logging/commons-logging/1.1.1/commons-logging-1.1.1.jar:/Users/levi/.m2/repository/org/apache/commons/commons-collections4/4.2/commons-collections4-4.2.jar:/Users/levi/.m2/repository/com/github/librepdf/openpdf/1.3.30.jaspersoft.3/openpdf-1.3.30.jaspersoft.3.jar:/Users/levi/.m2/repository/org/jfree/jcommon/1.0.23/jcommon-1.0.23.jar:/Users/levi/.m2/repository/org/jfree/jfreechart/1.0.19/jfreechart-1.0.19.jar:/Users/levi/.m2/repository/org/eclipse/jdt/ecj/3.21.0/ecj-3.21.0.jar:/Users/levi/.m2/repository/com/fasterxml/jackson/core/jackson-core/2.14.1/jackson-core-2.14.1.jar:/Users/levi/.m2/repository/com/fasterxml/jackson/core/jackson-databind/2.14.1/jackson-databind-2.14.1.jar:/Users/levi/.m2/repository/com/fasterxml/jackson/core/jackson-annotations/2.14.1/jackson-annotations-2.14.1.jar:/Users/levi/.m2/repository/com/fasterxml/jackson/dataformat/jackson-dataformat-xml/2.14.1/jackson-dataformat-xml-2.14.1.jar:/Users/levi/.m2/repository/org/codehaus/woodstox/stax2-api/4.2.1/stax2-api-4.2.1.jar:/Users/levi/.m2/repository/com/fasterxml/woodstox/woodstox-core/6.4.0/woodstox-core-6.4.0.jar:/Users/levi/.m2/repository/net/sf/jasperreports/jasperreports-fonts/6.20.6/jasperreports-fonts-6.20.6.jar:/Users/levi/.m2/repository/com/mpobjects/jasperreports/font/jasperreports-fonts-liberation/2.1.2/jasperreports-fonts-liberation-2.1.2.jar:/Users/levi/.m2/repository/com/itextpdf/itextpdf/5.5.13.3/itextpdf-5.5.13.3.jar:/Users/levi/.m2/repository/com/itextpdf/barcodes/8.0.1/barcodes-8.0.1.jar:/Users/levi/.m2/repository/com/itextpdf/font-asian/8.0.1/font-asian-8.0.1.jar:/Users/levi/.m2/repository/com/itextpdf/forms/8.0.1/forms-8.0.1.jar:/Users/levi/.m2/repository/com/itextpdf/hyph/8.0.1/hyph-8.0.1.jar:/Users/levi/.m2/repository/com/itextpdf/io/8.0.1/io-8.0.1.jar:/Users/levi/.m2/repository/com/itextpdf/commons/8.0.1/commons-8.0.1.jar:/Users/levi/.m2/repository/com/itextpdf/kernel/8.0.1/kernel-8.0.1.jar:/Users/levi/.m2/repository/com/itextpdf/layout/8.0.1/layout-8.0.1.jar:/Users/levi/.m2/repository/com/itextpdf/pdfa/8.0.1/pdfa-8.0.1.jar:/Users/levi/.m2/repository/com/itextpdf/sign/8.0.1/sign-8.0.1.jar:/Users/levi/.m2/repository/com/itextpdf/styled-xml-parser/8.0.1/styled-xml-parser-8.0.1.jar:/Users/levi/.m2/repository/com/itextpdf/svg/8.0.1/svg-8.0.1.jar:/Users/levi/.m2/repository/com/itextpdf/bouncy-castle-connector/8.0.1/bouncy-castle-connector-8.0.1.jar:/Users/levi/.m2/repository/com/itextpdf/html2pdf/5.0.1/html2pdf-5.0.1.jar:/Users/levi/.m2/repository/org/slf4j/slf4j-api/1.7.36/slf4j-api-1.7.36.jar:"/>
    <property name="java.vm.vendor" value="Oracle Corporation"/>
    <property name="sun.arch.data.model" value="64"/>
    <property name="exec.appArgs" value=""/>
    <property name="java.vendor.url" value="https://java.oracle.com/"/>
    <property name="os.name" value="Mac OS X"/>
    <property name="java.vm.specification.version" value="23"/>
    <property name="user.country" value="DE"/>
    <property name="sun.java.launcher" value="SUN_STANDARD"/>
    <property name="sun.boot.library.path" value="/Users/levi/Library/Java/JavaVirtualMachines/openjdk-23.0.1/Contents/Home/lib"/>
    <property name="sun.java.command" value="/Users/levi/NetBeansProjects/immoweg24/target/surefire/surefirebooter-20250130120407395_3.jar /Users/levi/NetBeansProjects/immoweg24/target/surefire 2025-01-30T12-04-06_272-jvmRun1 surefire-20250130120407395_1tmp surefire_0-20250130120407395_2tmp"/>
    <property name="http.nonProxyHosts" value="local|*.local|169.254/16|*.169.254/16"/>
    <property name="jdk.debug" value="release"/>
    <property name="exec.vmArgs" value=""/>
    <property name="surefire.test.class.path" value="/Users/levi/NetBeansProjects/immoweg24/target/test-classes:/Users/levi/NetBeansProjects/immoweg24/target/classes:/Users/levi/.m2/repository/jakarta/platform/jakarta.jakartaee-web-api/10.0.0/jakarta.jakartaee-web-api-10.0.0.jar:/Users/levi/.m2/repository/jakarta/servlet/jakarta.servlet-api/6.0.0/jakarta.servlet-api-6.0.0.jar:/Users/levi/.m2/repository/jakarta/servlet/jsp/jakarta.servlet.jsp-api/3.1.0/jakarta.servlet.jsp-api-3.1.0.jar:/Users/levi/.m2/repository/jakarta/el/jakarta.el-api/5.0.1/jakarta.el-api-5.0.1.jar:/Users/levi/.m2/repository/jakarta/faces/jakarta.faces-api/4.0.1/jakarta.faces-api-4.0.1.jar:/Users/levi/.m2/repository/jakarta/ws/rs/jakarta.ws.rs-api/3.1.0/jakarta.ws.rs-api-3.1.0.jar:/Users/levi/.m2/repository/jakarta/websocket/jakarta.websocket-api/2.1.0/jakarta.websocket-api-2.1.0.jar:/Users/levi/.m2/repository/jakarta/websocket/jakarta.websocket-client-api/2.1.0/jakarta.websocket-client-api-2.1.0.jar:/Users/levi/.m2/repository/jakarta/json/jakarta.json-api/2.1.0/jakarta.json-api-2.1.0.jar:/Users/levi/.m2/repository/jakarta/json/bind/jakarta.json.bind-api/3.0.0/jakarta.json.bind-api-3.0.0.jar:/Users/levi/.m2/repository/jakarta/annotation/jakarta.annotation-api/2.1.1/jakarta.annotation-api-2.1.1.jar:/Users/levi/.m2/repository/jakarta/ejb/jakarta.ejb-api/4.0.1/jakarta.ejb-api-4.0.1.jar:/Users/levi/.m2/repository/jakarta/transaction/jakarta.transaction-api/2.0.1/jakarta.transaction-api-2.0.1.jar:/Users/levi/.m2/repository/jakarta/persistence/jakarta.persistence-api/3.1.0/jakarta.persistence-api-3.1.0.jar:/Users/levi/.m2/repository/jakarta/validation/jakarta.validation-api/3.0.2/jakarta.validation-api-3.0.2.jar:/Users/levi/.m2/repository/jakarta/interceptor/jakarta.interceptor-api/2.1.0/jakarta.interceptor-api-2.1.0.jar:/Users/levi/.m2/repository/jakarta/enterprise/jakarta.enterprise.cdi-api/4.0.1/jakarta.enterprise.cdi-api-4.0.1.jar:/Users/levi/.m2/repository/jakarta/enterprise/jakarta.enterprise.lang-model/4.0.1/jakarta.enterprise.lang-model-4.0.1.jar:/Users/levi/.m2/repository/jakarta/inject/jakarta.inject-api/2.0.1/jakarta.inject-api-2.0.1.jar:/Users/levi/.m2/repository/jakarta/authentication/jakarta.authentication-api/3.0.0/jakarta.authentication-api-3.0.0.jar:/Users/levi/.m2/repository/jakarta/security/enterprise/jakarta.security.enterprise-api/3.0.0/jakarta.security.enterprise-api-3.0.0.jar:/Users/levi/.m2/repository/jakarta/platform/jakarta.jakartaee-api/8.0.0/jakarta.jakartaee-api-8.0.0.jar:/Users/levi/.m2/repository/org/glassfish/jakarta.faces/4.0.1/jakarta.faces-4.0.1.jar:/Users/levi/.m2/repository/org/jboss/weld/servlet/weld-servlet-shaded/5.1.0.Final/weld-servlet-shaded-5.1.0.Final.jar:/Users/levi/.m2/repository/org/primefaces/primefaces/12.0.0/primefaces-12.0.0-jakarta.jar:/Users/levi/.m2/repository/com/mysql/mysql-connector-j/8.0.33/mysql-connector-j-8.0.33.jar:/Users/levi/.m2/repository/com/google/protobuf/protobuf-java/3.21.9/protobuf-java-3.21.9.jar:/Users/levi/.m2/repository/org/hibernate/orm/hibernate-core/6.3.1.Final/hibernate-core-6.3.1.Final.jar:/Users/levi/.m2/repository/org/jboss/logging/jboss-logging/3.5.0.Final/jboss-logging-3.5.0.Final.jar:/Users/levi/.m2/repository/org/hibernate/common/hibernate-commons-annotations/6.0.6.Final/hibernate-commons-annotations-6.0.6.Final.jar:/Users/levi/.m2/repository/io/smallrye/jandex/3.1.2/jandex-3.1.2.jar:/Users/levi/.m2/repository/com/fasterxml/classmate/1.5.1/classmate-1.5.1.jar:/Users/levi/.m2/repository/net/bytebuddy/byte-buddy/1.14.7/byte-buddy-1.14.7.jar:/Users/levi/.m2/repository/jakarta/xml/bind/jakarta.xml.bind-api/4.0.0/jakarta.xml.bind-api-4.0.0.jar:/Users/levi/.m2/repository/jakarta/activation/jakarta.activation-api/2.1.0/jakarta.activation-api-2.1.0.jar:/Users/levi/.m2/repository/org/glassfish/jaxb/jaxb-runtime/4.0.2/jaxb-runtime-4.0.2.jar:/Users/levi/.m2/repository/org/glassfish/jaxb/jaxb-core/4.0.2/jaxb-core-4.0.2.jar:/Users/levi/.m2/repository/org/eclipse/angus/angus-activation/2.0.0/angus-activation-2.0.0.jar:/Users/levi/.m2/repository/org/glassfish/jaxb/txw2/4.0.2/txw2-4.0.2.jar:/Users/levi/.m2/repository/com/sun/istack/istack-commons-runtime/4.1.1/istack-commons-runtime-4.1.1.jar:/Users/levi/.m2/repository/org/antlr/antlr4-runtime/4.10.1/antlr4-runtime-4.10.1.jar:/Users/levi/.m2/repository/jakarta/servlet/jsp/jstl/jakarta.servlet.jsp.jstl-api/2.0.0/jakarta.servlet.jsp.jstl-api-2.0.0.jar:/Users/levi/.m2/repository/net/sf/jasperreports/jasperreports/6.20.6/jasperreports-6.20.6.jar:/Users/levi/.m2/repository/commons-beanutils/commons-beanutils/1.9.4/commons-beanutils-1.9.4.jar:/Users/levi/.m2/repository/commons-collections/commons-collections/3.2.2/commons-collections-3.2.2.jar:/Users/levi/.m2/repository/commons-digester/commons-digester/2.1/commons-digester-2.1.jar:/Users/levi/.m2/repository/commons-logging/commons-logging/1.1.1/commons-logging-1.1.1.jar:/Users/levi/.m2/repository/org/apache/commons/commons-collections4/4.2/commons-collections4-4.2.jar:/Users/levi/.m2/repository/com/github/librepdf/openpdf/1.3.30.jaspersoft.3/openpdf-1.3.30.jaspersoft.3.jar:/Users/levi/.m2/repository/org/jfree/jcommon/1.0.23/jcommon-1.0.23.jar:/Users/levi/.m2/repository/org/jfree/jfreechart/1.0.19/jfreechart-1.0.19.jar:/Users/levi/.m2/repository/org/eclipse/jdt/ecj/3.21.0/ecj-3.21.0.jar:/Users/levi/.m2/repository/com/fasterxml/jackson/core/jackson-core/2.14.1/jackson-core-2.14.1.jar:/Users/levi/.m2/repository/com/fasterxml/jackson/core/jackson-databind/2.14.1/jackson-databind-2.14.1.jar:/Users/levi/.m2/repository/com/fasterxml/jackson/core/jackson-annotations/2.14.1/jackson-annotations-2.14.1.jar:/Users/levi/.m2/repository/com/fasterxml/jackson/dataformat/jackson-dataformat-xml/2.14.1/jackson-dataformat-xml-2.14.1.jar:/Users/levi/.m2/repository/org/codehaus/woodstox/stax2-api/4.2.1/stax2-api-4.2.1.jar:/Users/levi/.m2/repository/com/fasterxml/woodstox/woodstox-core/6.4.0/woodstox-core-6.4.0.jar:/Users/levi/.m2/repository/net/sf/jasperreports/jasperreports-fonts/6.20.6/jasperreports-fonts-6.20.6.jar:/Users/levi/.m2/repository/com/mpobjects/jasperreports/font/jasperreports-fonts-liberation/2.1.2/jasperreports-fonts-liberation-2.1.2.jar:/Users/levi/.m2/repository/com/itextpdf/itextpdf/5.5.13.3/itextpdf-5.5.13.3.jar:/Users/levi/.m2/repository/com/itextpdf/barcodes/8.0.1/barcodes-8.0.1.jar:/Users/levi/.m2/repository/com/itextpdf/font-asian/8.0.1/font-asian-8.0.1.jar:/Users/levi/.m2/repository/com/itextpdf/forms/8.0.1/forms-8.0.1.jar:/Users/levi/.m2/repository/com/itextpdf/hyph/8.0.1/hyph-8.0.1.jar:/Users/levi/.m2/repository/com/itextpdf/io/8.0.1/io-8.0.1.jar:/Users/levi/.m2/repository/com/itextpdf/commons/8.0.1/commons-8.0.1.jar:/Users/levi/.m2/repository/com/itextpdf/kernel/8.0.1/kernel-8.0.1.jar:/Users/levi/.m2/repository/com/itextpdf/layout/8.0.1/layout-8.0.1.jar:/Users/levi/.m2/repository/com/itextpdf/pdfa/8.0.1/pdfa-8.0.1.jar:/Users/levi/.m2/repository/com/itextpdf/sign/8.0.1/sign-8.0.1.jar:/Users/levi/.m2/repository/com/itextpdf/styled-xml-parser/8.0.1/styled-xml-parser-8.0.1.jar:/Users/levi/.m2/repository/com/itextpdf/svg/8.0.1/svg-8.0.1.jar:/Users/levi/.m2/repository/com/itextpdf/bouncy-castle-connector/8.0.1/bouncy-castle-connector-8.0.1.jar:/Users/levi/.m2/repository/com/itextpdf/html2pdf/5.0.1/html2pdf-5.0.1.jar:/Users/levi/.m2/repository/org/slf4j/slf4j-api/1.7.36/slf4j-api-1.7.36.jar:"/>
    <property name="sun.cpu.endian" value="little"/>
    <property name="user.home" value="/Users/levi"/>
    <property name="user.language" value="de"/>
    <property name="java.specification.vendor" value="Oracle Corporation"/>
    <property name="java.version.date" value="2024-10-15"/>
    <property name="java.home" value="/Users/levi/Library/Java/JavaVirtualMachines/openjdk-23.0.1/Contents/Home"/>
    <property name="file.separator" value="/"/>
    <property name="basedir" value="/Users/levi/NetBeansProjects/immoweg24"/>
    <property name="java.vm.compressedOopsMode" value="Zero based"/>
    <property name="line.separator" value="&#10;"/>
    <property name="java.vm.specification.vendor" value="Oracle Corporation"/>
    <property name="java.specification.name" value="Java Platform API Specification"/>
    <property name="apple.awt.application.name" value="ForkedBooter"/>
    <property name="surefire.real.class.path" value="/Users/levi/NetBeansProjects/immoweg24/target/surefire/surefirebooter-20250130120407395_3.jar"/>
    <property name="sun.management.compiler" value="HotSpot 64-Bit Tiered Compilers"/>
    <property name="ftp.nonProxyHosts" value="local|*.local|169.254/16|*.169.254/16"/>
    <property name="java.runtime.version" value="23.0.1+11-39"/>
    <property name="user.name" value="levi"/>
    <property name="stdout.encoding" value="UTF-8"/>
    <property name="path.separator" value=":"/>
    <property name="os.version" value="15.2"/>
    <property name="java.runtime.name" value="OpenJDK Runtime Environment"/>
    <property name="file.encoding" value="UTF-8"/>
    <property name="java.vm.name" value="OpenJDK 64-Bit Server VM"/>
    <property name="maven.ext.class.path" value="/Applications/Apache NetBeans.app/Contents/Resources/netbeans/java/maven-nblib/netbeans-eventspy.jar"/>
    <property name="localRepository" value="/Users/levi/.m2/repository"/>
    <property name="java.vendor.url.bug" value="https://bugreport.java.com/bugreport/"/>
    <property name="java.io.tmpdir" value="/var/folders/wr/vx5lmg212sng6bs6q8bgly580000gn/T/"/>
    <property name="java.version" value="23.0.1"/>
    <property name="user.dir" value="/Users/levi/NetBeansProjects/immoweg24"/>
    <property name="os.arch" value="aarch64"/>
    <property name="java.vm.specification.name" value="Java Virtual Machine Specification"/>
    <property name="native.encoding" value="UTF-8"/>
    <property name="java.library.path" value="/Users/levi/Library/Java/Extensions:/Library/Java/Extensions:/Network/Library/Java/Extensions:/System/Library/Java/Extensions:/usr/lib/java:."/>
    <property name="java.vm.info" value="mixed mode, sharing"/>
    <property name="stderr.encoding" value="UTF-8"/>
    <property name="java.vendor" value="Oracle Corporation"/>
    <property name="java.vm.version" value="23.0.1+11-39"/>
    <property name="sun.io.unicode.encoding" value="UnicodeBig"/>
    <property name="socksNonProxyHosts" value="local|*.local|169.254/16|*.169.254/16"/>
    <property name="java.class.version" value="67.0"/>
  </properties>
</testsuite>